2018-07-16 14:30:02 INFO  JavaRushTasksProjectComponent.projectOpened(68) - ---------- Project JavaRushTasks opened ----------
2018-07-16 14:30:02 INFO  JavaRushTasksProjectComponent.projectOpened(69) - ---------- Version 3.20 ----------

2018-07-16 14:30:02 INFO  JavaRushTasksProjectComponent.setAutoscrolls(343) - Autoscrolls успешно установлены
2018-07-16 14:30:03 INFO  ApacheHttpClient.refreshUserInfo(288) - responseCode = 200
2018-07-16 14:30:03 INFO  ApacheHttpClient.refreshUserInfo(294) - Информация о пользователе получена.
2018-07-16 14:30:03 INFO  ApacheHttpClient.startGA(31) - GAService запущен.
2018-07-16 14:30:03 INFO  AbstractRestApiClient.startService(70) - EventsService запущен.
2018-07-16 14:31:57 INFO  ApacheHttpClient.getWebResourceAsStream(434) - responseCode = 200
2018-07-16 14:31:57 INFO  ApacheHttpClient.login(225) - Ожидание ответа сервера.
2018-07-16 14:31:57 INFO  ApacheHttpClient.login(229) - responseCode = 200
2018-07-16 14:31:57 INFO  ApacheHttpClient.login(260) - JSESSIONID OK
2018-07-16 14:33:14 INFO  ApacheHttpClient.getWebResourceAsStream(434) - responseCode = 200
2018-07-16 14:33:19 INFO  ApacheHttpClient.getWebResourceAsStream(434) - responseCode = 200
2018-07-16 14:33:19 INFO  ApacheHttpClient.getFilteredTasks(321) - responseCode = 200
2018-07-16 16:06:28 INFO  JavaRushTasksProjectComponent.projectClosing(165) - ---------- Project JavaRushTasks closed ----------

2018-07-16 16:06:30 ERROR ApplicationImpl.error(118) - null
java.lang.NullPointerException
	at org.jetbrains.jps.model.serialization.JpsProjectLoader.getDirectoryBaseProjectName(JpsProjectLoader.java:110)
	at org.jetbrains.jps.incremental.Utils.getDataStorageRoot(Utils.java:90)
	at com.intellij.compiler.server.BuildManager.getProjectSystemDirectory(BuildManager.java:1306)
	at com.intellij.compiler.backwardRefs.CompilerReferenceReader.exists(CompilerReferenceReader.java:198)
	at com.intellij.compiler.backwardRefs.CompilerReferenceServiceImpl.lambda$projectOpened$2(CompilerReferenceServiceImpl.java:139)
	at com.intellij.openapi.application.impl.ApplicationImpl$1.run(ApplicationImpl.java:305)
	at java.util.concurrent.Executors$RunnableAdapter.call(Executors.java:511)
	at java.util.concurrent.FutureTask.run(FutureTask.java:266)
	at java.util.concurrent.ThreadPoolExecutor.runWorker(ThreadPoolExecutor.java:1142)
	at java.util.concurrent.ThreadPoolExecutor$Worker.run(ThreadPoolExecutor.java:617)
	at java.lang.Thread.run(Thread.java:745)
2018-07-16 16:06:30 ERROR ApplicationImpl.logErrorHeader(126) - IntelliJ IDEA 2018.1.6  Build #IC-181.5540.7
2018-07-16 16:06:30 ERROR ApplicationImpl.logErrorHeader(133) - JDK: 1.8.0_152-release
2018-07-16 16:06:30 ERROR ApplicationImpl.logErrorHeader(134) - VM: OpenJDK 64-Bit Server VM
2018-07-16 16:06:30 ERROR ApplicationImpl.logErrorHeader(135) - Vendor: JetBrains s.r.o
2018-07-16 16:06:30 ERROR ApplicationImpl.logErrorHeader(136) - OS: Windows 7
2018-07-16 16:06:30 ERROR ApplicationImpl.logErrorHeader(142) - Last Action: OpenFile
2018-07-16 16:06:30 ERROR StartupManagerImpl.error(118) - null
java.lang.NullPointerException
	at org.jetbrains.jps.model.serialization.JpsProjectLoader.getDirectoryBaseProjectName(JpsProjectLoader.java:110)
	at org.jetbrains.jps.incremental.Utils.getDataStorageRoot(Utils.java:90)
	at com.intellij.compiler.server.BuildManager.getProjectSystemDirectory(BuildManager.java:1306)
	at com.intellij.compiler.impl.CleanStaleModuleOutputsActivity.runActivity(CleanStaleModuleOutputsActivity.kt:34)
	at com.intellij.ide.startup.impl.StartupManagerImpl.runAndMeasure(StartupManagerImpl.java:176)
	at com.intellij.ide.startup.impl.StartupManagerImpl.logActivityDuration(StartupManagerImpl.java:162)
	at com.intellij.ide.startup.impl.StartupManagerImpl.lambda$runPostStartupActivitiesFromExtensions$1(StartupManagerImpl.java:150)
	at com.intellij.ide.startup.impl.StartupManagerImpl.runActivity(StartupManagerImpl.java:368)
	at com.intellij.ide.startup.impl.StartupManagerImpl.runPostStartupActivitiesFromExtensions(StartupManagerImpl.java:152)
	at com.intellij.openapi.project.impl.ProjectManagerImpl.lambda$openProject$8(ProjectManagerImpl.java:397)
	at com.intellij.openapi.progress.impl.CoreProgressManager$2.run(CoreProgressManager.java:247)
	at com.intellij.openapi.progress.impl.CoreProgressManager$TaskRunnable.run(CoreProgressManager.java:750)
	at com.intellij.openapi.progress.impl.CoreProgressManager$5.run(CoreProgressManager.java:434)
	at com.intellij.openapi.progress.impl.CoreProgressManager.lambda$runProcess$1(CoreProgressManager.java:157)
	at com.intellij.openapi.progress.impl.CoreProgressManager.registerIndicatorAndRun(CoreProgressManager.java:580)
	at com.intellij.openapi.progress.impl.CoreProgressManager.executeProcessUnderProgress(CoreProgressManager.java:525)
	at com.intellij.openapi.progress.impl.ProgressManagerImpl.executeProcessUnderProgress(ProgressManagerImpl.java:85)
	at com.intellij.openapi.progress.impl.CoreProgressManager.runProcess(CoreProgressManager.java:144)
	at com.intellij.openapi.application.impl.ApplicationImpl.lambda$null$10(ApplicationImpl.java:565)
	at com.intellij.openapi.application.impl.ApplicationImpl$1.run(ApplicationImpl.java:305)
	at java.util.concurrent.Executors$RunnableAdapter.call(Executors.java:511)
	at java.util.concurrent.FutureTask.run(FutureTask.java:266)
	at java.util.concurrent.ThreadPoolExecutor.runWorker(ThreadPoolExecutor.java:1142)
	at java.util.concurrent.ThreadPoolExecutor$Worker.run(ThreadPoolExecutor.java:617)
	at java.lang.Thread.run(Thread.java:745)
2018-07-16 16:06:30 ERROR StartupManagerImpl.logErrorHeader(126) - IntelliJ IDEA 2018.1.6  Build #IC-181.5540.7
2018-07-16 16:06:30 ERROR StartupManagerImpl.logErrorHeader(133) - JDK: 1.8.0_152-release
2018-07-16 16:06:30 ERROR StartupManagerImpl.logErrorHeader(134) - VM: OpenJDK 64-Bit Server VM
2018-07-16 16:06:30 ERROR StartupManagerImpl.logErrorHeader(135) - Vendor: JetBrains s.r.o
2018-07-16 16:06:30 ERROR StartupManagerImpl.logErrorHeader(136) - OS: Windows 7
2018-07-16 16:06:30 ERROR StartupManagerImpl.logErrorHeader(142) - Last Action: OpenFile
2018-07-17 09:34:04 INFO  JavaRushTasksProjectComponent.projectOpened(68) - ---------- Project JavaRushTasks opened ----------
2018-07-17 09:34:04 INFO  JavaRushTasksProjectComponent.projectOpened(69) - ---------- Version 3.20 ----------

2018-07-17 09:34:04 INFO  ApacheHttpClient.createAsyncHttpClient(129) - Выбрано 1 прокси. Тип : DIRECT
2018-07-17 09:34:05 INFO  ApacheHttpClient.<init>(87) - ApacheHttpClient проинстанциирован успешно.
2018-07-17 09:34:05 INFO  ApacheHttpClient.testConnection(187) - responseCode = 200
2018-07-17 09:34:05 INFO  ApacheHttpClient.testConnection(195) - result = true
2018-07-17 09:34:05 INFO  ApacheHttpClient.login(225) - Ожидание ответа сервера.
2018-07-17 09:34:05 INFO  ApacheHttpClient.login(229) - responseCode = 200
2018-07-17 09:34:05 INFO  ApacheHttpClient.login(260) - JSESSIONID OK
2018-07-17 09:34:06 INFO  ApacheHttpClient.refreshUserInfo(288) - responseCode = 200
2018-07-17 09:34:06 INFO  ApacheHttpClient.refreshUserInfo(294) - Информация о пользователе получена.
2018-07-17 09:34:06 INFO  ApacheHttpClient.startGA(31) - GAService запущен.
2018-07-17 09:34:06 INFO  AbstractRestApiClient.startService(70) - EventsService запущен.
2018-07-17 09:35:49 INFO  ApacheHttpClient.getWebResourceAsStream(434) - responseCode = 200
2018-07-17 09:35:49 INFO  ApacheHttpClient.getFilteredTasks(321) - responseCode = 200
2018-07-17 11:48:24 INFO  JavaRushTasksProjectComponent.projectClosing(165) - ---------- Project JavaRushTasks closed ----------

2018-07-17 11:48:24 ERROR ApplicationImpl.error(118) - null
java.lang.NullPointerException
	at com.javarush.plugin.service.GAService$HitWithDimensions.<init>(GAService.java:55)
	at com.javarush.plugin.service.GAService$HitWithDimensions.getActivityHit(GAService.java:88)
	at com.javarush.plugin.service.GAService$2.run(GAService.java:201)
	at com.intellij.openapi.application.impl.ApplicationImpl$1.run(ApplicationImpl.java:305)
	at java.util.concurrent.Executors$RunnableAdapter.call(Executors.java:511)
	at java.util.concurrent.FutureTask.run(FutureTask.java:266)
	at java.util.concurrent.ThreadPoolExecutor.runWorker(ThreadPoolExecutor.java:1142)
	at java.util.concurrent.ThreadPoolExecutor$Worker.run(ThreadPoolExecutor.java:617)
	at java.lang.Thread.run(Thread.java:745)
2018-07-17 11:48:24 ERROR ApplicationImpl.logErrorHeader(126) - IntelliJ IDEA 2018.1.6  Build #IC-181.5540.7
2018-07-17 11:48:24 ERROR ApplicationImpl.logErrorHeader(133) - JDK: 1.8.0_152-release
2018-07-17 11:48:24 ERROR ApplicationImpl.logErrorHeader(134) - VM: OpenJDK 64-Bit Server VM
2018-07-17 11:48:24 ERROR ApplicationImpl.logErrorHeader(135) - Vendor: JetBrains s.r.o
2018-07-17 11:48:24 ERROR ApplicationImpl.logErrorHeader(136) - OS: Windows 7
2018-07-17 11:48:24 ERROR ApplicationImpl.logErrorHeader(142) - Last Action: Synchronize
2018-07-24 09:36:00 INFO  JavaRushTasksProjectComponent.projectOpened(68) - ---------- Project JavaRushTasks opened ----------
2018-07-24 09:36:00 INFO  JavaRushTasksProjectComponent.projectOpened(69) - ---------- Version 3.20 ----------

2018-07-24 09:36:00 INFO  ApacheHttpClient.createAsyncHttpClient(129) - Выбрано 1 прокси. Тип : DIRECT
2018-07-24 09:36:01 INFO  ApacheHttpClient.<init>(87) - ApacheHttpClient проинстанциирован успешно.
2018-07-24 09:36:02 INFO  ApacheHttpClient.testConnection(187) - responseCode = 200
2018-07-24 09:36:02 INFO  ApacheHttpClient.testConnection(195) - result = true
2018-07-24 09:36:03 INFO  ApacheHttpClient.login(225) - Ожидание ответа сервера.
2018-07-24 09:36:03 INFO  ApacheHttpClient.login(225) - Ожидание ответа сервера.
2018-07-24 09:36:03 INFO  ApacheHttpClient.login(225) - Ожидание ответа сервера.
2018-07-24 09:36:03 INFO  ApacheHttpClient.login(229) - responseCode = 200
2018-07-24 09:36:03 INFO  ApacheHttpClient.login(260) - JSESSIONID OK
2018-07-24 09:36:03 INFO  ApacheHttpClient.refreshUserInfo(288) - responseCode = 200
2018-07-24 09:36:04 INFO  ApacheHttpClient.refreshUserInfo(294) - Информация о пользователе получена.
2018-07-24 09:36:04 INFO  ApacheHttpClient.startGA(31) - GAService запущен.
2018-07-24 09:36:04 INFO  AbstractRestApiClient.startService(70) - EventsService запущен.
2018-07-24 10:57:18 INFO  ApacheHttpClient.getWebResourceAsStream(434) - responseCode = 200
2018-07-24 10:57:18 INFO  ApacheHttpClient.getFilteredTasks(321) - responseCode = 200
2018-07-24 10:57:28 INFO  ApacheHttpClient.getFilteredTasks(321) - responseCode = 200
2018-07-24 10:57:56 INFO  ApacheHttpClient.getFilteredTasks(321) - responseCode = 200
2018-07-24 10:58:01 INFO  ApacheHttpClient.getFilteredTasks(321) - responseCode = 200
2018-07-24 10:58:15 INFO  ApacheHttpClient.getWebResourceAsStream(434) - responseCode = 200
2018-07-24 10:58:15 INFO  ApacheHttpClient.getFilteredTasks(321) - responseCode = 200
2018-07-24 10:58:27 INFO  ApacheHttpClient.getFilteredTasks(321) - responseCode = 200
2018-07-24 10:58:34 INFO  ApacheHttpClient.getFilteredTasks(321) - responseCode = 200
2018-07-24 10:58:35 INFO  ApacheHttpClient.getTaskTemplateInfo(338) - responseCode = 200
2018-07-24 10:58:35 INFO  ApacheHttpClient.testConnection(187) - responseCode = 200
2018-07-24 10:58:35 INFO  ApacheHttpClient.testConnection(195) - result = true
2018-07-24 10:58:35 INFO  ApacheHttpClient.testConnection(187) - responseCode = 200
2018-07-24 10:58:35 INFO  ApacheHttpClient.testConnection(195) - result = true
2018-07-24 10:58:41 INFO  ApacheHttpClient.getWebResourceAsStream(434) - responseCode = 200
2018-07-24 10:59:04 INFO  ApacheHttpClient.sendEvent(467) - responseCode = 200
2018-07-24 11:00:04 INFO  ApacheHttpClient.sendEvent(467) - responseCode = 200
2018-07-24 11:01:04 INFO  ApacheHttpClient.sendEvent(467) - responseCode = 200
2018-07-24 11:02:04 INFO  ApacheHttpClient.sendEvent(467) - responseCode = 200
2018-07-24 11:03:04 INFO  ApacheHttpClient.sendEvent(467) - responseCode = 200
2018-07-24 11:04:04 INFO  ApacheHttpClient.sendEvent(467) - responseCode = 200
2018-07-24 11:05:04 INFO  ApacheHttpClient.sendEvent(467) - responseCode = 200
2018-07-24 11:06:04 INFO  ApacheHttpClient.sendEvent(467) - responseCode = 200
2018-07-24 11:07:04 INFO  ApacheHttpClient.sendEvent(467) - responseCode = 200
2018-07-24 11:08:04 INFO  ApacheHttpClient.sendEvent(467) - responseCode = 200
2018-07-24 11:09:04 INFO  ApacheHttpClient.sendEvent(467) - responseCode = 200
2018-07-24 11:10:04 INFO  ApacheHttpClient.sendEvent(467) - responseCode = 200
2018-07-24 11:11:04 INFO  ApacheHttpClient.sendEvent(467) - responseCode = 200
2018-07-24 11:12:04 INFO  ApacheHttpClient.sendEvent(467) - responseCode = 200
2018-07-24 11:13:04 INFO  ApacheHttpClient.sendEvent(467) - responseCode = 200
2018-07-24 11:14:04 INFO  ApacheHttpClient.sendEvent(467) - responseCode = 200
2018-07-24 11:15:04 INFO  ApacheHttpClient.sendEvent(467) - responseCode = 200
2018-07-24 11:16:04 INFO  ApacheHttpClient.sendEvent(467) - responseCode = 200
2018-07-24 11:17:04 INFO  ApacheHttpClient.sendEvent(467) - responseCode = 200
2018-07-24 11:18:04 INFO  ApacheHttpClient.sendEvent(467) - responseCode = 200
2018-07-24 11:18:15 INFO  ApacheHttpClient.testConnection(187) - responseCode = 200
2018-07-24 11:18:15 INFO  ApacheHttpClient.testConnection(195) - result = true
2018-07-24 11:19:04 INFO  ApacheHttpClient.sendEvent(467) - responseCode = 200
2018-07-24 11:20:04 INFO  ApacheHttpClient.sendEvent(467) - responseCode = 200
2018-07-24 11:21:04 INFO  ApacheHttpClient.sendEvent(467) - responseCode = 200
2018-07-24 11:22:04 INFO  ApacheHttpClient.sendEvent(467) - responseCode = 200
2018-07-24 11:23:04 INFO  ApacheHttpClient.sendEvent(467) - responseCode = 200
2018-07-24 11:24:04 INFO  ApacheHttpClient.sendEvent(467) - responseCode = 200
2018-07-24 11:25:04 INFO  ApacheHttpClient.sendEvent(467) - responseCode = 200
2018-07-24 11:26:04 INFO  ApacheHttpClient.sendEvent(467) - responseCode = 200
2018-07-24 11:27:04 INFO  ApacheHttpClient.sendEvent(467) - responseCode = 200
2018-07-24 11:28:04 INFO  ApacheHttpClient.sendEvent(467) - responseCode = 200
2018-07-24 11:29:04 INFO  ApacheHttpClient.sendEvent(467) - responseCode = 200
2018-07-24 11:30:04 INFO  ApacheHttpClient.sendEvent(467) - responseCode = 200
2018-07-24 11:31:04 INFO  ApacheHttpClient.sendEvent(467) - responseCode = 200
2018-07-24 11:32:04 INFO  ApacheHttpClient.sendEvent(467) - responseCode = 200
2018-07-24 11:33:04 INFO  ApacheHttpClient.sendEvent(467) - responseCode = 200
2018-07-24 11:34:04 INFO  ApacheHttpClient.sendEvent(467) - responseCode = 200
2018-07-24 11:35:04 INFO  ApacheHttpClient.sendEvent(467) - responseCode = 200
2018-07-24 11:36:05 INFO  ApacheHttpClient.sendEvent(467) - responseCode = 200
2018-07-24 11:37:04 INFO  ApacheHttpClient.sendEvent(467) - responseCode = 200
2018-07-24 11:38:05 INFO  ApacheHttpClient.sendEvent(467) - responseCode = 200
2018-07-24 11:39:04 INFO  ApacheHttpClient.sendEvent(467) - responseCode = 200
2018-07-24 11:40:04 INFO  ApacheHttpClient.sendEvent(467) - responseCode = 200
2018-07-24 11:41:04 INFO  ApacheHttpClient.sendEvent(467) - responseCode = 200
2018-07-24 11:42:04 INFO  ApacheHttpClient.sendEvent(467) - responseCode = 200
2018-07-24 11:43:04 INFO  ApacheHttpClient.sendEvent(467) - responseCode = 200
2018-07-24 11:44:04 INFO  ApacheHttpClient.sendEvent(467) - responseCode = 200
2018-07-24 11:45:04 INFO  ApacheHttpClient.sendEvent(467) - responseCode = 200
2018-07-24 11:46:04 INFO  ApacheHttpClient.sendEvent(467) - responseCode = 200
2018-07-24 11:47:04 INFO  ApacheHttpClient.sendEvent(467) - responseCode = 200
2018-07-24 11:48:04 INFO  ApacheHttpClient.sendEvent(467) - responseCode = 200
2018-07-24 11:49:04 INFO  ApacheHttpClient.sendEvent(467) - responseCode = 200
2018-07-24 11:50:04 INFO  ApacheHttpClient.sendEvent(467) - responseCode = 200
2018-07-24 12:34:42 INFO  JavaRushTasksProjectComponent.projectClosing(165) - ---------- Project JavaRushTasks closed ----------

2018-07-24 12:34:43 INFO  ApacheHttpClient.getTask(419) - responseCode = 200
2019-02-22 11:06:42 INFO  JavaRushTasksProjectComponent.projectOpened(68) - ---------- Project JavaRushTasks opened ----------
2019-02-22 11:06:42 INFO  JavaRushTasksProjectComponent.projectOpened(69) - ---------- Version 3.20 ----------

2019-02-22 11:06:42 INFO  ApacheHttpClient.createAsyncHttpClient(129) - Выбрано 1 прокси. Тип : DIRECT
2019-02-22 11:06:42 INFO  ApacheHttpClient.<init>(87) - ApacheHttpClient проинстанциирован успешно.
2019-02-22 11:06:42 INFO  ApacheHttpClient.testConnection(187) - responseCode = 200
2019-02-22 11:06:42 INFO  ApacheHttpClient.testConnection(195) - result = true
2019-02-22 11:06:43 INFO  ApacheHttpClient.login(225) - Ожидание ответа сервера.
2019-02-22 11:06:43 INFO  ApacheHttpClient.login(225) - Ожидание ответа сервера.
2019-02-22 11:06:43 INFO  ApacheHttpClient.login(229) - responseCode = 200
2019-02-22 11:06:43 INFO  ApacheHttpClient.login(260) - JSESSIONID OK
2019-02-22 11:06:43 INFO  ApacheHttpClient.refreshUserInfo(288) - responseCode = 200
2019-02-22 11:06:44 INFO  ApacheHttpClient.refreshUserInfo(294) - Информация о пользователе получена.
2019-02-22 11:06:44 INFO  ApacheHttpClient.startGA(31) - GAService запущен.
2019-02-22 11:06:44 INFO  AbstractRestApiClient.startService(70) - EventsService запущен.
2019-02-22 11:11:30 INFO  JavaRushTasksProjectComponent.projectClosing(165) - ---------- Project JavaRushTasks closed ----------

2019-04-10 09:46:48 INFO  JavaRushTasksProjectComponent.projectOpened(68) - ---------- Project JavaRushTasks opened ----------
2019-04-10 09:46:48 INFO  JavaRushTasksProjectComponent.projectOpened(69) - ---------- Version 3.20 ----------

2019-04-10 09:46:49 INFO  ApacheHttpClient.createAsyncHttpClient(129) - Выбрано 1 прокси. Тип : DIRECT
2019-04-10 09:46:50 INFO  ApacheHttpClient.<init>(87) - ApacheHttpClient проинстанциирован успешно.
2019-04-10 09:46:51 INFO  ApacheHttpClient.testConnection(187) - responseCode = 200
2019-04-10 09:46:51 INFO  ApacheHttpClient.testConnection(195) - result = true
2019-04-10 09:46:51 INFO  ApacheHttpClient.login(225) - Ожидание ответа сервера.
2019-04-10 09:46:52 INFO  ApacheHttpClient.login(225) - Ожидание ответа сервера.
2019-04-10 09:46:52 INFO  ApacheHttpClient.login(229) - responseCode = 200
2019-04-10 09:46:52 INFO  ApacheHttpClient.login(260) - JSESSIONID OK
2019-04-10 09:46:52 INFO  ApacheHttpClient.refreshUserInfo(288) - responseCode = 200
2019-04-10 09:46:52 INFO  ApacheHttpClient.refreshUserInfo(294) - Информация о пользователе получена.
2019-04-10 09:46:52 INFO  ApacheHttpClient.startGA(31) - GAService запущен.
2019-04-10 09:46:52 INFO  AbstractRestApiClient.startService(70) - EventsService запущен.
2019-04-10 09:47:53 INFO  JavaRushTasksProjectComponent.projectClosing(165) - ---------- Project JavaRushTasks closed ----------

2019-04-10 09:54:06 INFO  JavaRushTasksProjectComponent.projectOpened(68) - ---------- Project JavaRushTasks opened ----------
2019-04-10 09:54:06 INFO  JavaRushTasksProjectComponent.projectOpened(69) - ---------- Version 3.20 ----------

2019-04-10 09:54:06 INFO  ApacheHttpClient.createAsyncHttpClient(129) - Выбрано 1 прокси. Тип : DIRECT
2019-04-10 09:54:06 INFO  ApacheHttpClient.<init>(87) - ApacheHttpClient проинстанциирован успешно.
2019-04-10 09:54:06 INFO  ApacheHttpClient.testConnection(187) - responseCode = 200
2019-04-10 09:54:06 INFO  ApacheHttpClient.testConnection(195) - result = true
2019-04-10 09:54:07 INFO  ApacheHttpClient.login(225) - Ожидание ответа сервера.
2019-04-10 09:54:07 INFO  ApacheHttpClient.login(229) - responseCode = 200
2019-04-10 09:54:07 INFO  ApacheHttpClient.login(260) - JSESSIONID OK
2019-04-10 09:54:07 INFO  ApacheHttpClient.refreshUserInfo(288) - responseCode = 200
2019-04-10 09:54:07 INFO  ApacheHttpClient.refreshUserInfo(294) - Информация о пользователе получена.
2019-04-10 09:54:07 INFO  ApacheHttpClient.startGA(31) - GAService запущен.
2019-04-10 09:54:07 INFO  AbstractRestApiClient.startService(70) - EventsService запущен.
2019-04-10 14:14:45 INFO  JavaRushTasksProjectComponent.projectClosing(165) - ---------- Project JavaRushTasks closed ----------

2019-04-10 14:15:16 INFO  JavaRushTasksProjectComponent.projectOpened(68) - ---------- Project JavaRushTasks opened ----------
2019-04-10 14:15:16 INFO  JavaRushTasksProjectComponent.projectOpened(69) - ---------- Version 3.20 ----------

2019-04-10 14:15:16 INFO  ApacheHttpClient.createAsyncHttpClient(129) - Выбрано 1 прокси. Тип : DIRECT
2019-04-10 14:15:17 INFO  ApacheHttpClient.<init>(87) - ApacheHttpClient проинстанциирован успешно.
2019-04-10 14:15:17 INFO  ApacheHttpClient.testConnection(187) - responseCode = 200
2019-04-10 14:15:17 INFO  ApacheHttpClient.testConnection(195) - result = true
2019-04-10 14:15:18 INFO  ApacheHttpClient.login(225) - Ожидание ответа сервера.
2019-04-10 14:15:18 INFO  ApacheHttpClient.login(229) - responseCode = 200
2019-04-10 14:15:18 INFO  ApacheHttpClient.login(260) - JSESSIONID OK
2019-04-10 14:15:18 INFO  ApacheHttpClient.refreshUserInfo(288) - responseCode = 200
2019-04-10 14:15:18 INFO  ApacheHttpClient.refreshUserInfo(294) - Информация о пользователе получена.
2019-04-10 14:15:18 INFO  ApacheHttpClient.startGA(31) - GAService запущен.
2019-04-10 14:15:18 INFO  AbstractRestApiClient.startService(70) - EventsService запущен.
2019-04-10 14:16:05 INFO  ApacheHttpClient.getWebResourceAsStream(434) - responseCode = 200
2019-04-10 14:16:10 INFO  ApacheHttpClient.getWebResourceAsStream(434) - responseCode = 200
2019-04-10 14:16:16 INFO  JavaRushTasksProjectComponent.projectClosing(165) - ---------- Project JavaRushTasks closed ----------

2019-04-10 14:16:39 INFO  JavaRushTasksProjectComponent.projectOpened(74) - ---------- Project JavaRushTasks opened ----------
2019-04-10 14:16:39 INFO  JavaRushTasksProjectComponent.projectOpened(75) - ---------- Version 3.29 ----------

2019-04-10 14:16:39 INFO  ApacheHttpClient.createAsyncHttpClient(132) - Выбрано 1 прокси. Тип : DIRECT
2019-04-10 14:16:39 INFO  ApacheHttpClient.<init>(90) - ApacheHttpClient проинстанциирован успешно.
2019-04-10 14:16:40 INFO  ApacheHttpClient.testConnection(190) - responseCode = 200
2019-04-10 14:16:40 INFO  ApacheHttpClient.testConnection(205) - result = true
2019-04-10 14:16:41 INFO  ApacheHttpClient.login(235) - Ожидание ответа сервера.
2019-04-10 14:16:41 INFO  ApacheHttpClient.login(239) - responseCode = 200
2019-04-10 14:16:41 INFO  ApacheHttpClient.login(270) - JSESSIONID OK
2019-04-10 14:16:41 INFO  ApacheHttpClient.refreshUserInfo(298) - responseCode = 200
2019-04-10 14:16:41 INFO  ApacheHttpClient.refreshUserInfo(304) - Информация о пользователе получена.
2019-04-10 14:16:41 INFO  ApacheHttpClient.startGA(33) - GAService запущен.
2019-04-10 14:16:41 INFO  AbstractRestApiClient.startService(70) - EventsService запущен.
2019-04-10 14:17:22 INFO  ApacheHttpClient.getWebResourceAsStream(494) - responseCode = 200
2019-04-10 14:17:22 INFO  ApacheHttpClient.getFilteredTasks(331) - responseCode = 200
2019-04-10 14:20:33 INFO  ApacheHttpClient.getWebResourceAsStream(494) - responseCode = 200
2019-04-10 14:20:33 INFO  ApacheHttpClient.getFilteredTasks(331) - responseCode = 200
2019-04-10 14:20:36 INFO  ApacheHttpClient.getTaskTemplateInfo(348) - responseCode = 200
2019-04-10 14:20:40 INFO  ApacheHttpClient.testConnection(190) - responseCode = 200
2019-04-10 14:20:40 INFO  ApacheHttpClient.testConnection(205) - result = true
2019-04-10 14:20:41 INFO  ApacheHttpClient.sendEvent(527) - responseCode = 200
2019-04-10 14:20:42 INFO  ApacheHttpClient.testConnection(190) - responseCode = 200
2019-04-10 14:20:42 INFO  ApacheHttpClient.testConnection(205) - result = true
2019-04-10 14:20:42 INFO  ApacheHttpClient.getTaskTemplateInfo(348) - responseCode = 200
2019-04-10 14:20:44 INFO  ApacheHttpClient.testConnection(190) - responseCode = 200
2019-04-10 14:20:44 INFO  ApacheHttpClient.testConnection(205) - result = true
2019-04-10 14:20:46 INFO  ApacheHttpClient.testConnection(190) - responseCode = 200
2019-04-10 14:20:46 INFO  ApacheHttpClient.testConnection(205) - result = true
2019-04-10 14:20:46 INFO  ApacheHttpClient.getTaskTemplateInfo(348) - responseCode = 200
2019-04-10 14:20:48 INFO  ApacheHttpClient.testConnection(190) - responseCode = 200
2019-04-10 14:20:48 INFO  ApacheHttpClient.testConnection(205) - result = true
2019-04-10 14:20:50 INFO  ApacheHttpClient.testConnection(190) - responseCode = 200
2019-04-10 14:20:50 INFO  ApacheHttpClient.testConnection(205) - result = true
2019-04-10 14:20:54 INFO  ApacheHttpClient.getWebResourceAsStream(494) - responseCode = 200
2019-04-10 14:20:56 INFO  ApacheHttpClient.getWebResourceAsStream(494) - responseCode = 200
2019-04-10 14:20:56 INFO  ApacheHttpClient.getWebResourceAsStream(494) - responseCode = 200
2019-04-10 14:21:41 INFO  ApacheHttpClient.sendEvent(527) - responseCode = 200
2019-04-10 14:22:41 INFO  ApacheHttpClient.sendEvent(527) - responseCode = 200
